[2021-05-25T14:53:42.687] [DEBUG] cheese - login => username:admin,password:123456
[2021-05-25T14:53:42.688] [DEBUG] cheese - admin
[2021-05-25T14:53:42.703] [DEBUG] cheese - null
[2021-05-25T14:53:42.703] [DEBUG] cheese - null
[2021-08-11T17:31:37.398] [DEBUG] cheese - login => username:zhangsan,password:12345
[2021-08-11T17:31:37.400] [DEBUG] cheese - zhangsan
[2021-08-11T17:31:37.407] [DEBUG] cheese - null
[2021-08-11T17:31:37.407] [DEBUG] cheese - null
[2021-08-11T17:33:40.901] [DEBUG] cheese - login => username:admin,password:123456
[2021-08-11T17:33:40.901] [DEBUG] cheese - admin
[2021-08-11T17:33:40.906] [DEBUG] cheese - null
[2021-08-11T17:33:40.906] [DEBUG] cheese - null
[2021-08-12T09:02:50.422] [DEBUG] cheese - login => username:admin,password:123456
[2021-08-12T09:02:50.423] [DEBUG] cheese - admin
[2021-08-12T09:02:50.434] [DEBUG] cheese - null
[2021-08-12T09:02:50.434] [DEBUG] cheese - null
[2021-08-12T09:03:47.810] [DEBUG] cheese - login => username:admin,password:1234566
[2021-08-12T09:03:47.811] [DEBUG] cheese - admin
[2021-08-12T09:03:47.814] [DEBUG] cheese - null
[2021-08-12T09:03:47.814] [DEBUG] cheese - null
[2021-08-12T09:06:21.068] [DEBUG] cheese - login => username:123456,password:sdfafg
[2021-08-12T09:06:21.068] [DEBUG] cheese - 123456
[2021-08-12T09:06:21.070] [DEBUG] cheese - null
[2021-08-12T09:06:21.070] [DEBUG] cheese - null
[2021-08-12T09:07:52.389] [DEBUG] cheese - login => username:admin,password:123456
[2021-08-12T09:07:52.389] [DEBUG] cheese - admin
[2021-08-12T09:07:52.391] [DEBUG] cheese - null
[2021-08-12T09:07:52.391] [DEBUG] cheese - null
[2021-08-12T09:10:27.698] [DEBUG] cheese - login => username:admin,password:123456
[2021-08-12T09:10:27.698] [DEBUG] cheese - admin
[2021-08-12T09:10:27.700] [DEBUG] cheese - null
[2021-08-12T09:10:27.700] [DEBUG] cheese - null
[2021-08-12T09:10:53.698] [DEBUG] cheese - login => username:admin,password:1234566
[2021-08-12T09:10:53.698] [DEBUG] cheese - admin
[2021-08-12T09:10:53.701] [DEBUG] cheese - null
[2021-08-12T09:10:53.701] [DEBUG] cheese - null
[2021-08-12T09:10:55.099] [DEBUG] cheese - login => username:admin,password:1234566
[2021-08-12T09:10:55.099] [DEBUG] cheese - admin
[2021-08-12T09:10:55.102] [DEBUG] cheese - null
[2021-08-12T09:10:55.102] [DEBUG] cheese - null
[2021-08-12T09:11:21.939] [DEBUG] cheese - login => username:admin,password:123456
[2021-08-12T09:11:21.939] [DEBUG] cheese - admin
[2021-08-12T09:11:21.942] [DEBUG] cheese - null
[2021-08-12T09:11:21.942] [DEBUG] cheese - null
[2021-08-12T09:12:23.183] [DEBUG] cheese - login => username:admin,password:1234566
[2021-08-12T09:12:23.183] [DEBUG] cheese - admin
[2021-08-12T09:12:23.185] [DEBUG] cheese - null
[2021-08-12T09:12:23.185] [DEBUG] cheese - null
[2021-08-12T09:12:25.700] [DEBUG] cheese - login => username:admin,password:1234566
[2021-08-12T09:12:25.700] [DEBUG] cheese - admin
[2021-08-12T09:12:25.703] [DEBUG] cheese - null
[2021-08-12T09:12:25.703] [DEBUG] cheese - null
[2021-08-12T09:12:26.116] [DEBUG] cheese - login => username:admin,password:1234566
[2021-08-12T09:12:26.116] [DEBUG] cheese - admin
[2021-08-12T09:12:26.118] [DEBUG] cheese - null
[2021-08-12T09:12:26.118] [DEBUG] cheese - null
[2021-08-12T09:12:26.306] [DEBUG] cheese - login => username:admin,password:1234566
[2021-08-12T09:12:26.307] [DEBUG] cheese - admin
[2021-08-12T09:12:26.309] [DEBUG] cheese - null
[2021-08-12T09:12:26.309] [DEBUG] cheese - null
[2021-08-12T09:12:44.309] [DEBUG] cheese - login => username:admin,password:1234566
[2021-08-12T09:12:44.309] [DEBUG] cheese - admin
[2021-08-12T09:12:44.312] [DEBUG] cheese - null
[2021-08-12T09:12:44.312] [DEBUG] cheese - null
[2021-08-12T09:12:45.056] [DEBUG] cheese - login => username:admin,password:1234566
[2021-08-12T09:12:45.056] [DEBUG] cheese - admin
[2021-08-12T09:12:45.058] [DEBUG] cheese - null
[2021-08-12T09:12:45.058] [DEBUG] cheese - null
[2021-08-12T09:12:45.233] [DEBUG] cheese - login => username:admin,password:1234566
[2021-08-12T09:12:45.233] [DEBUG] cheese - admin
[2021-08-12T09:12:45.235] [DEBUG] cheese - null
[2021-08-12T09:12:45.235] [DEBUG] cheese - null
[2021-08-12T09:14:17.075] [DEBUG] cheese - login => username:admin,password:123456
[2021-08-12T09:14:17.075] [DEBUG] cheese - admin
[2021-08-12T09:14:17.078] [DEBUG] cheese - null
[2021-08-12T09:14:17.078] [DEBUG] cheese - null
[2021-08-12T09:14:35.684] [DEBUG] cheese - login => username:admin,password:123456
[2021-08-12T09:14:35.684] [DEBUG] cheese - admin
[2021-08-12T09:14:35.686] [DEBUG] cheese - null
[2021-08-12T09:14:35.686] [DEBUG] cheese - null
[2021-08-12T09:14:39.225] [DEBUG] cheese - login => username:admin,password:1234561
[2021-08-12T09:14:39.226] [DEBUG] cheese - admin
[2021-08-12T09:14:39.228] [DEBUG] cheese - null
[2021-08-12T09:14:39.228] [DEBUG] cheese - null
[2021-08-12T09:27:18.856] [DEBUG] cheese - login => username:admin,password:123456
[2021-08-12T09:27:18.856] [DEBUG] cheese - admin
[2021-08-12T09:27:18.859] [DEBUG] cheese - null
[2021-08-12T09:27:18.859] [DEBUG] cheese - null
[2021-08-12T09:27:25.545] [DEBUG] cheese - login => username:admin,password:1234562
[2021-08-12T09:27:25.545] [DEBUG] cheese - admin
[2021-08-12T09:27:25.547] [DEBUG] cheese - null
[2021-08-12T09:27:25.547] [DEBUG] cheese - null
[2021-08-12T09:27:56.523] [DEBUG] cheese - login => username:admin,password:123456
[2021-08-12T09:27:56.523] [DEBUG] cheese - admin
[2021-08-12T09:27:56.526] [DEBUG] cheese - null
[2021-08-12T09:27:56.526] [DEBUG] cheese - null
[2021-08-12T09:27:59.064] [DEBUG] cheese - login => username:admin,password:1234561
[2021-08-12T09:27:59.064] [DEBUG] cheese - admin
[2021-08-12T09:27:59.066] [DEBUG] cheese - null
[2021-08-12T09:27:59.066] [DEBUG] cheese - null
[2021-08-12T09:28:00.384] [DEBUG] cheese - login => username:admin,password:1234561
[2021-08-12T09:28:00.384] [DEBUG] cheese - admin
[2021-08-12T09:28:00.386] [DEBUG] cheese - null
[2021-08-12T09:28:00.386] [DEBUG] cheese - null
[2021-08-12T09:28:00.925] [DEBUG] cheese - login => username:admin,password:1234561
[2021-08-12T09:28:00.925] [DEBUG] cheese - admin
[2021-08-12T09:28:00.928] [DEBUG] cheese - null
[2021-08-12T09:28:00.928] [DEBUG] cheese - null
[2021-08-12T09:28:01.115] [DEBUG] cheese - login => username:admin,password:1234561
[2021-08-12T09:28:01.116] [DEBUG] cheese - admin
[2021-08-12T09:28:01.118] [DEBUG] cheese - null
[2021-08-12T09:28:01.118] [DEBUG] cheese - null
[2021-08-12T09:28:01.294] [DEBUG] cheese - login => username:admin,password:1234561
[2021-08-12T09:28:01.294] [DEBUG] cheese - admin
[2021-08-12T09:28:01.296] [DEBUG] cheese - null
[2021-08-12T09:28:01.297] [DEBUG] cheese - null
[2021-08-12T09:28:37.558] [DEBUG] cheese - login => username:adminsfa,password:1234561
[2021-08-12T09:28:37.558] [DEBUG] cheese - adminsfa
[2021-08-12T09:28:37.560] [DEBUG] cheese - null
[2021-08-12T09:28:37.560] [DEBUG] cheese - null
[2021-08-12T09:28:45.545] [DEBUG] cheese - login => username:adminsfa,password:1234561
[2021-08-12T09:28:45.545] [DEBUG] cheese - adminsfa
[2021-08-12T09:28:45.546] [DEBUG] cheese - null
[2021-08-12T09:28:45.547] [DEBUG] cheese - null
[2021-08-12T09:28:49.466] [DEBUG] cheese - login => username:admin,password:123456
[2021-08-12T09:28:49.467] [DEBUG] cheese - admin
[2021-08-12T09:28:49.470] [DEBUG] cheese - null
[2021-08-12T09:28:49.470] [DEBUG] cheese - null
[2021-08-12T09:36:57.703] [DEBUG] cheese - login => username:admin,password:123456
[2021-08-12T09:36:57.704] [DEBUG] cheese - admin
[2021-08-12T09:36:57.706] [DEBUG] cheese - null
[2021-08-12T09:36:57.706] [DEBUG] cheese - null
[2021-08-12T09:38:27.261] [DEBUG] cheese - login => username:admin,password:123456
[2021-08-12T09:38:27.261] [DEBUG] cheese - admin
[2021-08-12T09:38:27.265] [DEBUG] cheese - null
[2021-08-12T09:38:27.265] [DEBUG] cheese - null
[2021-08-12T09:43:21.855] [DEBUG] cheese - login => username:admin,password:123456
[2021-08-12T09:43:21.855] [DEBUG] cheese - admin
[2021-08-12T09:43:21.857] [DEBUG] cheese - null
[2021-08-12T09:43:21.857] [DEBUG] cheese - null
[2021-08-12T09:44:28.290] [DEBUG] cheese - login => username:admin,password:123456
[2021-08-12T09:44:28.290] [DEBUG] cheese - admin
[2021-08-12T09:44:28.293] [DEBUG] cheese - null
[2021-08-12T09:44:28.293] [DEBUG] cheese - null
[2021-08-12T10:00:17.009] [DEBUG] cheese - login => username:admin,password:123456
[2021-08-12T10:00:17.009] [DEBUG] cheese - admin
[2021-08-12T10:00:17.012] [DEBUG] cheese - null
[2021-08-12T10:00:17.012] [DEBUG] cheese - null
[2021-08-12T10:03:02.604] [DEBUG] cheese - login => username:admin,password:123456
[2021-08-12T10:03:02.604] [DEBUG] cheese - admin
[2021-08-12T10:03:02.607] [DEBUG] cheese - null
[2021-08-12T10:03:02.607] [DEBUG] cheese - null
[2021-08-12T10:05:08.530] [DEBUG] cheese - login => username:admin,password:123456
[2021-08-12T10:05:08.530] [DEBUG] cheese - admin
[2021-08-12T10:05:08.532] [DEBUG] cheese - null
[2021-08-12T10:05:08.532] [DEBUG] cheese - null
[2021-08-12T10:06:42.827] [DEBUG] cheese - login => username:admin,password:123456
[2021-08-12T10:06:42.827] [DEBUG] cheese - admin
[2021-08-12T10:06:42.830] [DEBUG] cheese - null
[2021-08-12T10:06:42.830] [DEBUG] cheese - null
[2021-08-12T10:06:56.416] [DEBUG] cheese - login => username:admin,password:123456
[2021-08-12T10:06:56.416] [DEBUG] cheese - admin
[2021-08-12T10:06:56.418] [DEBUG] cheese - null
[2021-08-12T10:06:56.418] [DEBUG] cheese - null
[2021-08-12T10:07:02.278] [DEBUG] cheese - login => username:admin,password:123456
[2021-08-12T10:07:02.278] [DEBUG] cheese - admin
[2021-08-12T10:07:02.281] [DEBUG] cheese - null
[2021-08-12T10:07:02.281] [DEBUG] cheese - null
[2021-08-12T10:55:04.158] [DEBUG] cheese - login => username:admin,password:123456
[2021-08-12T10:55:04.159] [DEBUG] cheese - admin
[2021-08-12T10:55:04.167] [DEBUG] cheese - null
[2021-08-12T10:55:04.167] [DEBUG] cheese - null
[2021-08-12T11:19:15.199] [DEBUG] cheese - login => username:admin,password:123456
[2021-08-12T11:19:15.200] [DEBUG] cheese - admin
[2021-08-12T11:19:15.203] [DEBUG] cheese - null
[2021-08-12T11:19:15.203] [DEBUG] cheese - null
[2021-08-12T11:19:22.924] [DEBUG] cheese - login => username:admin,password:123456
[2021-08-12T11:19:22.924] [DEBUG] cheese - admin
[2021-08-12T11:19:22.926] [DEBUG] cheese - null
[2021-08-12T11:19:22.926] [DEBUG] cheese - null
[2021-08-12T15:46:05.742] [DEBUG] cheese - login => username:admin,password:123456
[2021-08-12T15:46:05.743] [DEBUG] cheese - admin
[2021-08-12T15:46:05.751] [DEBUG] cheese - null
[2021-08-12T15:46:05.752] [DEBUG] cheese - null
[2021-08-12T16:13:45.443] [DEBUG] cheese - login => username:admin,password:123456
[2021-08-12T16:13:45.443] [DEBUG] cheese - admin
[2021-08-12T16:13:45.448] [DEBUG] cheese - null
[2021-08-12T16:13:45.448] [DEBUG] cheese - null
[2021-08-12T16:16:33.213] [DEBUG] cheese - login => username:admin,password:123456
[2021-08-12T16:16:33.213] [DEBUG] cheese - admin
[2021-08-12T16:16:33.216] [DEBUG] cheese - null
[2021-08-12T16:16:33.216] [DEBUG] cheese - null
[2021-08-12T16:17:34.955] [DEBUG] cheese - login => username:admin,password:123456
[2021-08-12T16:17:34.956] [DEBUG] cheese - admin
[2021-08-12T16:17:34.958] [DEBUG] cheese - null
[2021-08-12T16:17:34.958] [DEBUG] cheese - null
[2021-08-12T16:18:02.416] [DEBUG] cheese - login => username:admin,password:123456
[2021-08-12T16:18:02.416] [DEBUG] cheese - admin
[2021-08-12T16:18:02.419] [DEBUG] cheese - null
[2021-08-12T16:18:02.419] [DEBUG] cheese - null
[2021-08-12T16:20:54.881] [DEBUG] cheese - login => username:admin,password:123456
[2021-08-12T16:20:54.881] [DEBUG] cheese - admin
[2021-08-12T16:20:54.884] [DEBUG] cheese - null
[2021-08-12T16:20:54.884] [DEBUG] cheese - null
[2021-08-12T16:20:54.958] [DEBUG] cheese - login => username:admin,password:123456
[2021-08-12T16:20:54.958] [DEBUG] cheese - admin
[2021-08-12T16:20:54.960] [DEBUG] cheese - null
[2021-08-12T16:20:54.960] [DEBUG] cheese - null
[2021-08-12T16:22:17.813] [DEBUG] cheese - login => username:admin,password:123456
[2021-08-12T16:22:17.813] [DEBUG] cheese - admin
[2021-08-12T16:22:17.815] [DEBUG] cheese - null
[2021-08-12T16:22:17.815] [DEBUG] cheese - null
[2021-08-12T16:22:17.889] [DEBUG] cheese - login => username:admin,password:123456
[2021-08-12T16:22:17.889] [DEBUG] cheese - admin
[2021-08-12T16:22:17.890] [DEBUG] cheese - null
[2021-08-12T16:22:17.890] [DEBUG] cheese - null
[2021-08-12T16:22:38.612] [DEBUG] cheese - login => username:admin,password:123456
[2021-08-12T16:22:38.612] [DEBUG] cheese - admin
[2021-08-12T16:22:38.614] [DEBUG] cheese - null
[2021-08-12T16:22:38.614] [DEBUG] cheese - null
[2021-08-12T16:22:38.690] [DEBUG] cheese - login => username:admin,password:123456
[2021-08-12T16:22:38.691] [DEBUG] cheese - admin
[2021-08-12T16:22:38.692] [DEBUG] cheese - null
[2021-08-12T16:22:38.692] [DEBUG] cheese - null
[2021-08-12T17:19:42.650] [DEBUG] cheese - login => username:admin,password:123456
[2021-08-12T17:19:42.650] [DEBUG] cheese - admin
[2021-08-12T17:19:42.652] [DEBUG] cheese - null
[2021-08-12T17:19:42.652] [DEBUG] cheese - null
[2021-08-12T17:19:42.726] [DEBUG] cheese - login => username:admin,password:123456
[2021-08-12T17:19:42.726] [DEBUG] cheese - admin
[2021-08-12T17:19:42.728] [DEBUG] cheese - null
[2021-08-12T17:19:42.728] [DEBUG] cheese - null
[2021-08-12T18:05:45.298] [DEBUG] cheese - login => username:admin,password:123456
[2021-08-12T18:05:45.298] [DEBUG] cheese - admin
[2021-08-12T18:05:45.301] [DEBUG] cheese - null
[2021-08-12T18:05:45.301] [DEBUG] cheese - null
[2021-08-12T18:05:45.377] [DEBUG] cheese - login => username:admin,password:123456
[2021-08-12T18:05:45.377] [DEBUG] cheese - admin
[2021-08-12T18:05:45.379] [DEBUG] cheese - null
[2021-08-12T18:05:45.379] [DEBUG] cheese - null
[2021-08-12T18:13:47.846] [DEBUG] cheese - login => username:admin,password:123456
[2021-08-12T18:13:47.846] [DEBUG] cheese - admin
[2021-08-12T18:13:47.850] [DEBUG] cheese - null
[2021-08-12T18:13:47.850] [DEBUG] cheese - null
[2021-08-12T18:13:47.926] [DEBUG] cheese - login => username:admin,password:123456
[2021-08-12T18:13:47.927] [DEBUG] cheese - admin
[2021-08-12T18:13:47.930] [DEBUG] cheese - null
[2021-08-12T18:13:47.931] [DEBUG] cheese - null
[2021-08-12T19:02:14.833] [DEBUG] cheese - login => username:admin,password:1234566
[2021-08-12T19:02:14.833] [DEBUG] cheese - admin
[2021-08-12T19:02:14.837] [DEBUG] cheese - null
[2021-08-12T19:02:14.837] [DEBUG] cheese - null
[2021-08-12T19:02:14.914] [DEBUG] cheese - login => username:admin,password:1234566
[2021-08-12T19:02:14.914] [DEBUG] cheese - admin
[2021-08-12T19:02:14.917] [DEBUG] cheese - null
[2021-08-12T19:02:14.917] [DEBUG] cheese - null
[2021-08-12T19:02:19.390] [DEBUG] cheese - login => username:admin,password:123456
[2021-08-12T19:02:19.390] [DEBUG] cheese - admin
[2021-08-12T19:02:19.393] [DEBUG] cheese - null
[2021-08-12T19:02:19.393] [DEBUG] cheese - null
[2021-08-12T19:02:19.471] [DEBUG] cheese - login => username:admin,password:123456
[2021-08-12T19:02:19.471] [DEBUG] cheese - admin
[2021-08-12T19:02:19.473] [DEBUG] cheese - null
[2021-08-12T19:02:19.473] [DEBUG] cheese - null
[2021-08-12T19:04:03.116] [DEBUG] cheese - login => username:admin,password:123456
[2021-08-12T19:04:03.116] [DEBUG] cheese - admin
[2021-08-12T19:04:03.119] [DEBUG] cheese - null
[2021-08-12T19:04:03.119] [DEBUG] cheese - null
[2021-08-12T19:04:03.197] [DEBUG] cheese - login => username:admin,password:123456
[2021-08-12T19:04:03.197] [DEBUG] cheese - admin
[2021-08-12T19:04:03.201] [DEBUG] cheese - null
[2021-08-12T19:04:03.201] [DEBUG] cheese - null
[2021-08-12T19:04:37.459] [DEBUG] cheese - login => username:admin,password:123456
[2021-08-12T19:04:37.459] [DEBUG] cheese - admin
[2021-08-12T19:04:37.461] [DEBUG] cheese - null
[2021-08-12T19:04:37.461] [DEBUG] cheese - null
[2021-08-12T19:04:37.537] [DEBUG] cheese - login => username:admin,password:123456
[2021-08-12T19:04:37.538] [DEBUG] cheese - admin
[2021-08-12T19:04:37.540] [DEBUG] cheese - null
[2021-08-12T19:04:37.541] [DEBUG] cheese - null
[2021-08-12T19:05:09.666] [DEBUG] cheese - login => username:admin,password:123456
[2021-08-12T19:05:09.666] [DEBUG] cheese - admin
[2021-08-12T19:05:09.669] [DEBUG] cheese - null
[2021-08-12T19:05:09.669] [DEBUG] cheese - null
[2021-08-12T19:05:09.746] [DEBUG] cheese - login => username:admin,password:123456
[2021-08-12T19:05:09.746] [DEBUG] cheese - admin
[2021-08-12T19:05:09.749] [DEBUG] cheese - null
[2021-08-12T19:05:09.749] [DEBUG] cheese - null
[2021-08-12T19:05:23.542] [DEBUG] cheese - login => username:admin,password:123456
[2021-08-12T19:05:23.542] [DEBUG] cheese - admin
[2021-08-12T19:05:23.544] [DEBUG] cheese - null
[2021-08-12T19:05:23.544] [DEBUG] cheese - null
[2021-08-12T19:05:23.621] [DEBUG] cheese - login => username:admin,password:123456
[2021-08-12T19:05:23.621] [DEBUG] cheese - admin
[2021-08-12T19:05:23.624] [DEBUG] cheese - null
[2021-08-12T19:05:23.624] [DEBUG] cheese - null
[2021-08-12T19:05:49.694] [DEBUG] cheese - login => username:admin,password:123456
[2021-08-12T19:05:49.694] [DEBUG] cheese - admin
[2021-08-12T19:05:49.698] [DEBUG] cheese - null
[2021-08-12T19:05:49.698] [DEBUG] cheese - null
[2021-08-12T19:05:49.775] [DEBUG] cheese - login => username:admin,password:123456
[2021-08-12T19:05:49.775] [DEBUG] cheese - admin
[2021-08-12T19:05:49.778] [DEBUG] cheese - null
[2021-08-12T19:05:49.778] [DEBUG] cheese - null
[2021-08-12T19:17:34.580] [DEBUG] cheese - login => username:admin,password:123456
[2021-08-12T19:17:34.580] [DEBUG] cheese - admin
[2021-08-12T19:17:34.582] [DEBUG] cheese - null
[2021-08-12T19:17:34.582] [DEBUG] cheese - null
[2021-08-12T19:17:34.661] [DEBUG] cheese - login => username:admin,password:123456
[2021-08-12T19:17:34.661] [DEBUG] cheese - admin
[2021-08-12T19:17:34.663] [DEBUG] cheese - null
[2021-08-12T19:17:34.663] [DEBUG] cheese - null
[2021-08-12T19:24:40.477] [DEBUG] cheese - login => username:admin,password:123456
[2021-08-12T19:24:40.477] [DEBUG] cheese - admin
[2021-08-12T19:24:40.480] [DEBUG] cheese - null
[2021-08-12T19:24:40.481] [DEBUG] cheese - null
[2021-08-12T19:24:40.562] [DEBUG] cheese - login => username:admin,password:123456
[2021-08-12T19:24:40.562] [DEBUG] cheese - admin
[2021-08-12T19:24:40.566] [DEBUG] cheese - null
[2021-08-12T19:24:40.566] [DEBUG] cheese - null
[2021-08-12T19:25:06.417] [DEBUG] cheese - login => username:admin,password:123456
[2021-08-12T19:25:06.417] [DEBUG] cheese - admin
[2021-08-12T19:25:06.420] [DEBUG] cheese - null
[2021-08-12T19:25:06.420] [DEBUG] cheese - null
[2021-08-12T19:25:06.501] [DEBUG] cheese - login => username:admin,password:123456
[2021-08-12T19:25:06.501] [DEBUG] cheese - admin
[2021-08-12T19:25:06.505] [DEBUG] cheese - null
[2021-08-12T19:25:06.505] [DEBUG] cheese - null
[2021-08-12T19:36:31.679] [DEBUG] cheese - login => username:admin,password:123456
[2021-08-12T19:36:31.679] [DEBUG] cheese - admin
[2021-08-12T19:36:31.683] [DEBUG] cheese - null
[2021-08-12T19:36:31.683] [DEBUG] cheese - null
[2021-08-12T19:36:31.762] [DEBUG] cheese - login => username:admin,password:123456
[2021-08-12T19:36:31.762] [DEBUG] cheese - admin
[2021-08-12T19:36:31.765] [DEBUG] cheese - null
[2021-08-12T19:36:31.765] [DEBUG] cheese - null
[2021-08-12T19:45:57.944] [DEBUG] cheese - login => username:admin,password:123456
[2021-08-12T19:45:57.945] [DEBUG] cheese - admin
[2021-08-12T19:45:57.947] [DEBUG] cheese - null
[2021-08-12T19:45:57.947] [DEBUG] cheese - null
[2021-08-12T19:45:58.041] [DEBUG] cheese - login => username:admin,password:123456
[2021-08-12T19:45:58.041] [DEBUG] cheese - admin
[2021-08-12T19:45:58.044] [DEBUG] cheese - null
[2021-08-12T19:45:58.044] [DEBUG] cheese - null
[2021-08-12T22:50:02.460] [DEBUG] cheese - login => username:admin,password:123456
[2021-08-12T22:50:02.461] [DEBUG] cheese - admin
[2021-08-12T22:50:02.464] [DEBUG] cheese - null
[2021-08-12T22:50:02.464] [DEBUG] cheese - null
[2021-08-12T22:50:02.544] [DEBUG] cheese - login => username:admin,password:123456
[2021-08-12T22:50:02.544] [DEBUG] cheese - admin
[2021-08-12T22:50:02.547] [DEBUG] cheese - null
[2021-08-12T22:50:02.547] [DEBUG] cheese - null
[2021-08-12T22:51:05.224] [DEBUG] cheese - login => username:admin,password:123456
[2021-08-12T22:51:05.225] [DEBUG] cheese - admin
[2021-08-12T22:51:05.227] [DEBUG] cheese - null
[2021-08-12T22:51:05.228] [DEBUG] cheese - null
[2021-08-12T22:51:05.307] [DEBUG] cheese - login => username:admin,password:123456
[2021-08-12T22:51:05.307] [DEBUG] cheese - admin
[2021-08-12T22:51:05.310] [DEBUG] cheese - null
[2021-08-12T22:51:05.310] [DEBUG] cheese - null
[2021-08-12T22:55:18.624] [DEBUG] cheese - login => username:admin,password:123456
[2021-08-12T22:55:18.624] [DEBUG] cheese - admin
[2021-08-12T22:55:18.627] [DEBUG] cheese - null
[2021-08-12T22:55:18.627] [DEBUG] cheese - null
[2021-08-12T22:55:18.706] [DEBUG] cheese - login => username:admin,password:123456
[2021-08-12T22:55:18.706] [DEBUG] cheese - admin
[2021-08-12T22:55:18.708] [DEBUG] cheese - null
[2021-08-12T22:55:18.709] [DEBUG] cheese - null
[2021-08-13T09:30:08.326] [DEBUG] cheese - login => username:admin,password:123456
[2021-08-13T09:30:08.327] [DEBUG] cheese - admin
[2021-08-13T09:30:08.337] [DEBUG] cheese - null
[2021-08-13T09:30:08.337] [DEBUG] cheese - null
[2021-08-13T09:30:08.428] [DEBUG] cheese - login => username:admin,password:123456
[2021-08-13T09:30:08.428] [DEBUG] cheese - admin
[2021-08-13T09:30:08.430] [DEBUG] cheese - null
[2021-08-13T09:30:08.431] [DEBUG] cheese - null
[2021-08-13T10:18:27.428] [DEBUG] cheese - login => username:admin,password:123456
[2021-08-13T10:18:27.428] [DEBUG] cheese - admin
[2021-08-13T10:18:27.431] [DEBUG] cheese - null
[2021-08-13T10:18:27.431] [DEBUG] cheese - null
[2021-08-13T10:18:27.506] [DEBUG] cheese - login => username:admin,password:123456
[2021-08-13T10:18:27.506] [DEBUG] cheese - admin
[2021-08-13T10:18:27.508] [DEBUG] cheese - null
[2021-08-13T10:18:27.508] [DEBUG] cheese - null
[2021-08-13T10:22:17.583] [DEBUG] cheese - login => username:admin,password:123456
[2021-08-13T10:22:17.583] [DEBUG] cheese - admin
[2021-08-13T10:22:17.585] [DEBUG] cheese - null
[2021-08-13T10:22:17.586] [DEBUG] cheese - null
[2021-08-13T10:22:17.662] [DEBUG] cheese - login => username:admin,password:123456
[2021-08-13T10:22:17.662] [DEBUG] cheese - admin
[2021-08-13T10:22:17.663] [DEBUG] cheese - null
[2021-08-13T10:22:17.663] [DEBUG] cheese - null
[2021-08-13T15:18:35.080] [DEBUG] cheese - login => username:admin,password:123456
[2021-08-13T15:18:35.081] [DEBUG] cheese - admin
[2021-08-13T15:18:35.090] [DEBUG] cheese - null
[2021-08-13T15:18:35.091] [DEBUG] cheese - null
[2021-08-13T15:18:35.182] [DEBUG] cheese - login => username:admin,password:123456
[2021-08-13T15:18:35.182] [DEBUG] cheese - admin
[2021-08-13T15:18:35.185] [DEBUG] cheese - null
[2021-08-13T15:18:35.185] [DEBUG] cheese - null
[2021-08-13T17:14:53.719] [DEBUG] cheese - login => username:admin,password:123456
[2021-08-13T17:14:53.719] [DEBUG] cheese - admin
[2021-08-13T17:14:53.723] [DEBUG] cheese - null
[2021-08-13T17:14:53.723] [DEBUG] cheese - null
[2021-08-13T17:14:53.798] [DEBUG] cheese - login => username:admin,password:123456
[2021-08-13T17:14:53.798] [DEBUG] cheese - admin
[2021-08-13T17:14:53.800] [DEBUG] cheese - null
[2021-08-13T17:14:53.800] [DEBUG] cheese - null
[2021-08-13T19:16:25.537] [DEBUG] cheese - login => username:admin,password:123456
[2021-08-13T19:16:25.537] [DEBUG] cheese - admin
[2021-08-13T19:16:25.539] [DEBUG] cheese - null
[2021-08-13T19:16:25.539] [DEBUG] cheese - null
[2021-08-13T19:16:25.613] [DEBUG] cheese - login => username:admin,password:123456
[2021-08-13T19:16:25.613] [DEBUG] cheese - admin
[2021-08-13T19:16:25.615] [DEBUG] cheese - null
[2021-08-13T19:16:25.615] [DEBUG] cheese - null
[2021-08-13T19:20:39.085] [DEBUG] cheese - login => username:admin,password:123456
[2021-08-13T19:20:39.085] [DEBUG] cheese - admin
[2021-08-13T19:20:39.087] [DEBUG] cheese - null
[2021-08-13T19:20:39.087] [DEBUG] cheese - null
[2021-08-13T19:20:39.159] [DEBUG] cheese - login => username:admin,password:123456
[2021-08-13T19:20:39.159] [DEBUG] cheese - admin
[2021-08-13T19:20:39.161] [DEBUG] cheese - null
[2021-08-13T19:20:39.161] [DEBUG] cheese - null
[2021-08-14T08:41:53.370] [DEBUG] cheese - login => username:admin,password:123456
[2021-08-14T08:41:53.372] [DEBUG] cheese - admin
[2021-08-14T08:41:53.381] [DEBUG] cheese - null
[2021-08-14T08:41:53.382] [DEBUG] cheese - null
[2021-08-14T08:41:53.474] [DEBUG] cheese - login => username:admin,password:123456
[2021-08-14T08:41:53.474] [DEBUG] cheese - admin
[2021-08-14T08:41:53.477] [DEBUG] cheese - null
[2021-08-14T08:41:53.477] [DEBUG] cheese - null
[2021-08-14T09:47:00.792] [DEBUG] cheese - login => username:admin,password:123456
[2021-08-14T09:47:00.792] [DEBUG] cheese - admin
[2021-08-14T09:47:00.795] [DEBUG] cheese - null
[2021-08-14T09:47:00.796] [DEBUG] cheese - null
[2021-08-14T09:47:00.868] [DEBUG] cheese - login => username:admin,password:123456
[2021-08-14T09:47:00.868] [DEBUG] cheese - admin
[2021-08-14T09:47:00.870] [DEBUG] cheese - null
[2021-08-14T09:47:00.870] [DEBUG] cheese - null
[2021-08-14T11:19:30.775] [DEBUG] cheese - login => username:admin,password:123456
[2021-08-14T11:19:30.776] [DEBUG] cheese - admin
[2021-08-14T11:19:30.784] [DEBUG] cheese - null
[2021-08-14T11:19:30.784] [DEBUG] cheese - null
[2021-08-14T11:19:30.877] [DEBUG] cheese - login => username:admin,password:123456
[2021-08-14T11:19:30.877] [DEBUG] cheese - admin
[2021-08-14T11:19:30.880] [DEBUG] cheese - null
[2021-08-14T11:19:30.880] [DEBUG] cheese - null
[2021-08-14T15:04:19.319] [DEBUG] cheese - login => username:admin,password:123456
[2021-08-14T15:04:19.320] [DEBUG] cheese - admin
[2021-08-14T15:04:19.329] [DEBUG] cheese - null
[2021-08-14T15:04:19.330] [DEBUG] cheese - null
[2021-08-14T15:04:19.422] [DEBUG] cheese - login => username:admin,password:123456
[2021-08-14T15:04:19.422] [DEBUG] cheese - admin
[2021-08-14T15:04:19.425] [DEBUG] cheese - null
[2021-08-14T15:04:19.425] [DEBUG] cheese - null
[2021-08-14T15:14:58.752] [DEBUG] cheese - null
[2021-08-14T15:20:36.176] [DEBUG] cheese - null
[2021-08-14T15:21:53.734] [DEBUG] cheese - null
[2021-08-14T15:21:56.754] [DEBUG] cheese - null
[2021-08-14T15:24:24.911] [DEBUG] cheese - null
[2021-08-14T15:24:26.977] [DEBUG] cheese - null
[2021-08-14T15:24:29.578] [DEBUG] cheese - null
[2021-08-14T16:45:26.800] [DEBUG] cheese - null
[2021-08-14T16:45:28.325] [DEBUG] cheese - null
[2021-08-15T08:38:50.332] [DEBUG] cheese - login => username:admin,password:123456
[2021-08-15T08:38:50.333] [DEBUG] cheese - admin
[2021-08-15T08:38:50.348] [DEBUG] cheese - null
[2021-08-15T08:38:50.349] [DEBUG] cheese - null
[2021-08-15T08:38:50.441] [DEBUG] cheese - login => username:admin,password:123456
[2021-08-15T08:38:50.441] [DEBUG] cheese - admin
[2021-08-15T08:38:50.444] [DEBUG] cheese - null
[2021-08-15T08:38:50.444] [DEBUG] cheese - null
[2021-08-16T08:57:47.147] [DEBUG] cheese - login => username:admin,password:123456
[2021-08-16T08:57:47.148] [DEBUG] cheese - admin
[2021-08-16T08:57:47.157] [DEBUG] cheese - null
[2021-08-16T08:57:47.158] [DEBUG] cheese - null
[2021-08-16T08:57:47.251] [DEBUG] cheese - login => username:admin,password:123456
[2021-08-16T08:57:47.251] [DEBUG] cheese - admin
[2021-08-16T08:57:47.254] [DEBUG] cheese - null
[2021-08-16T08:57:47.254] [DEBUG] cheese - null
[2021-08-16T10:30:26.609] [DEBUG] cheese - null
[2021-08-16T11:45:02.577] [DEBUG] cheese - login => username:admin,password:123456
[2021-08-16T11:45:02.578] [DEBUG] cheese - admin
[2021-08-16T11:45:02.586] [DEBUG] cheese - null
[2021-08-16T11:45:02.587] [DEBUG] cheese - null
[2021-08-16T11:45:02.681] [DEBUG] cheese - login => username:admin,password:123456
[2021-08-16T11:45:02.681] [DEBUG] cheese - admin
[2021-08-16T11:45:02.684] [DEBUG] cheese - null
[2021-08-16T11:45:02.684] [DEBUG] cheese - null
[2021-08-16T14:44:59.703] [DEBUG] cheese - login => username:admin,password:123456
[2021-08-16T14:44:59.704] [DEBUG] cheese - admin
[2021-08-16T14:44:59.713] [DEBUG] cheese - null
[2021-08-16T14:44:59.713] [DEBUG] cheese - null
[2021-08-16T14:44:59.805] [DEBUG] cheese - login => username:admin,password:123456
[2021-08-16T14:44:59.805] [DEBUG] cheese - admin
[2021-08-16T14:44:59.808] [DEBUG] cheese - null
[2021-08-16T14:44:59.808] [DEBUG] cheese - null
[2021-08-16T18:41:49.672] [DEBUG] cheese - login => username:admin,password:123456
[2021-08-16T18:41:49.673] [DEBUG] cheese - admin
[2021-08-16T18:41:49.676] [DEBUG] cheese - null
[2021-08-16T18:41:49.677] [DEBUG] cheese - null
[2021-08-16T18:41:49.755] [DEBUG] cheese - login => username:admin,password:123456
[2021-08-16T18:41:49.755] [DEBUG] cheese - admin
[2021-08-16T18:41:49.757] [DEBUG] cheese - null
[2021-08-16T18:41:49.757] [DEBUG] cheese - null
